<?xml version="1.0" encoding="UTF-8"?>
<testsuites name="TS_SmokeTest" time="12" tests="3" failures="0" errors="0">
   <testsuite name="TS_SmokeTest" tests="3" failures="0" errors="0" time="12" timestamp="2019-04-24 12:21:32" hostname="vishw - DESKTOP-OJ9G18E" id="Test Suites/TS_SmokeTest">
      <properties>
         <property name="deviceName" value=""/>
         <property name="devicePlatform" value=""/>
         <property name="logFolder" value="C:\\Users\\vishw\\Katalon Studio\\SOAPProject\\Reports\\TS_SmokeTest\\20190424_122129"/>
         <property name="logFiles" value="C:\\Users\\vishw\\Katalon Studio\\SOAPProject\\Reports\\TS_SmokeTest\\20190424_122129\\execution0.log"/>
         <property name="attachments" value=""/>
         <property name="hostName" value="vishw - DESKTOP-OJ9G18E"/>
         <property name="hostAddress" value="192.168.1.105"/>
         <property name="os" value="Windows 10 64bit"/>
         <property name="katalonVersion" value="6.1.2.2"/>
      </properties>
      <testcase name="Test Cases/TestHTTPMethods" classname="Test Cases/TestHTTPMethods" status="PASSED">
         <system-out><![CDATA[2019-04-24 12:21:33 - [TEST_CASE][PASSED] - Test Cases/TestHTTPMethods: Test Cases/TestHTTPMethods

2019-04-24 12:21:33 - [TEST_STEP][PASSED] - createresponse = sendRequestAndVerify(findTestObject("RESTAPI/CreateCoupon")): Send request and verify the response successfully

2019-04-24 12:21:36 - [TEST_CASE][PASSED] - Start Test Case : Verification: Verification accomplished successfully

2019-04-24 12:21:36 - [TEST_STEP][PASSED] - request = getInstance().getCurrentRequest(): null

2019-04-24 12:21:36 - [TEST_STEP][PASSED] - response = getInstance().getCurrentResponse(): null

2019-04-24 12:21:36 - [TEST_STEP][PASSED] - verifyResponseStatusCode(response, 200): Verify response status code successfully

2019-04-24 12:21:36 - [MESSAGE][PASSED] - Verify response status code successfully

2019-04-24 12:21:36 - [TEST_STEP][PASSED] - getStatusCode()).isEqualTo(200): null

2019-04-24 12:21:36 - [MESSAGE][PASSED] - Verify response successfully

2019-04-24 12:21:36 - [MESSAGE][PASSED] - Send request and verify the response successfully

2019-04-24 12:21:36 - [TEST_STEP][PASSED] - updateresponse = sendRequestAndVerify(findTestObject("RESTAPI/UpdateCoupon")): Send request and verify the response successfully

2019-04-24 12:21:36 - [TEST_CASE][PASSED] - Start Test Case : Verification: Verification accomplished successfully

2019-04-24 12:21:37 - [TEST_STEP][PASSED] - request = getInstance().getCurrentRequest(): null

2019-04-24 12:21:37 - [TEST_STEP][PASSED] - response = getInstance().getCurrentResponse(): null

2019-04-24 12:21:37 - [TEST_STEP][PASSED] - verifyElementPropertyValue(response, "name", "updatedcoupon"): Verify element property value successfully

2019-04-24 12:21:37 - [MESSAGE][PASSED] - Verify element property value successfully

2019-04-24 12:21:37 - [TEST_STEP][PASSED] - verifyResponseStatusCode(response, 200): Verify response status code successfully

2019-04-24 12:21:37 - [MESSAGE][PASSED] - Verify response status code successfully

2019-04-24 12:21:37 - [TEST_STEP][PASSED] - getStatusCode()).isEqualTo(200): null

2019-04-24 12:21:37 - [MESSAGE][PASSED] - Verify response successfully

2019-04-24 12:21:37 - [MESSAGE][PASSED] - Send request and verify the response successfully

2019-04-24 12:21:37 - [TEST_STEP][PASSED] - deleteresponse = sendRequestAndVerify(findTestObject("RESTAPI/DeleteCoupon")): Send request and verify the response successfully

2019-04-24 12:21:40 - [TEST_CASE][PASSED] - Start Test Case : Verification: Verification accomplished successfully

2019-04-24 12:21:40 - [TEST_STEP][PASSED] - request = getInstance().getCurrentRequest(): null

2019-04-24 12:21:40 - [TEST_STEP][PASSED] - response = getInstance().getCurrentResponse(): null

2019-04-24 12:21:40 - [TEST_STEP][PASSED] - verifyResponseStatusCode(response, 200): Verify response status code successfully

2019-04-24 12:21:40 - [MESSAGE][PASSED] - Verify response status code successfully

2019-04-24 12:21:40 - [TEST_STEP][PASSED] - getStatusCode()).isEqualTo(200): null

2019-04-24 12:21:40 - [TEST_STEP][PASSED] - verifyElementPropertyValue(response, "deleted", "true"): Verify element property value successfully

2019-04-24 12:21:40 - [MESSAGE][PASSED] - Verify element property value successfully

2019-04-24 12:21:40 - [MESSAGE][PASSED] - Verify response successfully

2019-04-24 12:21:40 - [MESSAGE][PASSED] - Send request and verify the response successfully

2019-04-24 12:21:40 - [TEST_STEP][PASSED] - response = sendRequestAndVerify(findTestObject("RESTAPI/ListCoupons")): Send request and verify the response successfully

2019-04-24 12:21:41 - [TEST_CASE][PASSED] - Start Test Case : Verification: Verification accomplished successfully

2019-04-24 12:21:41 - [TEST_STEP][PASSED] - request = getInstance().getCurrentRequest(): null

2019-04-24 12:21:41 - [TEST_STEP][PASSED] - response = getInstance().getCurrentResponse(): null

2019-04-24 12:21:41 - [TEST_STEP][PASSED] - verifyResponseStatusCode(response, 200): Verify response status code successfully

2019-04-24 12:21:41 - [MESSAGE][PASSED] - Verify response status code successfully

2019-04-24 12:21:41 - [TEST_STEP][PASSED] - getStatusCode()).isEqualTo(200): null

2019-04-24 12:21:41 - [TEST_STEP][PASSED] - verifyElementPropertyValue(response, "data[0].object", "coupon"): Verify element property value successfully

2019-04-24 12:21:41 - [MESSAGE][PASSED] - Verify element property value successfully

2019-04-24 12:21:41 - [MESSAGE][PASSED] - Verify response successfully

2019-04-24 12:21:41 - [MESSAGE][PASSED] - Send request and verify the response successfully

2019-04-24 12:21:41 - [TEST_STEP][PASSED] - retreiveresponse = sendRequestAndVerify(findTestObject("RESTAPI/RetrieveCoupon")): Send request and verify the response successfully

2019-04-24 12:21:42 - [TEST_CASE][PASSED] - Start Test Case : Verification: Verification accomplished successfully

2019-04-24 12:21:42 - [TEST_STEP][PASSED] - request = getInstance().getCurrentRequest(): null

2019-04-24 12:21:42 - [TEST_STEP][PASSED] - response = getInstance().getCurrentResponse(): null

2019-04-24 12:21:42 - [TEST_STEP][PASSED] - verifyElementPropertyValue(response, "id", "kUy10Q9N"): Verify element property value successfully

2019-04-24 12:21:42 - [MESSAGE][PASSED] - Verify element property value successfully

2019-04-24 12:21:42 - [TEST_STEP][PASSED] - verifyResponseStatusCode(response, 200): Verify response status code successfully

2019-04-24 12:21:42 - [MESSAGE][PASSED] - Verify response status code successfully

2019-04-24 12:21:42 - [TEST_STEP][PASSED] - getStatusCode()).isEqualTo(200): null

2019-04-24 12:21:42 - [MESSAGE][PASSED] - Verify response successfully

2019-04-24 12:21:42 - [MESSAGE][PASSED] - Send request and verify the response successfully

2019-04-24 12:21:42 - [TEST_STEP][PASSED] - verifyElementPropertyValue(response, "data[0].object", "coupon"): Verify element property value successfully

2019-04-24 12:21:42 - [MESSAGE][PASSED] - Verify element property value successfully

2019-04-24 12:21:42 - [TEST_STEP][PASSED] - verifyElementPropertyValue(deleteresponse, "deleted", "true"): Verify element property value successfully

2019-04-24 12:21:42 - [MESSAGE][PASSED] - Verify element property value successfully

2019-04-24 12:21:42 - [TEST_STEP][PASSED] - verifyElementPropertyValue(updateresponse, "name", "updatedcoupon"): Verify element property value successfully

2019-04-24 12:21:42 - [MESSAGE][PASSED] - Verify element property value successfully

2019-04-24 12:21:42 - [TEST_STEP][PASSED] - verifyResponseStatusCode(createresponse, 200): Verify response status code successfully

2019-04-24 12:21:42 - [MESSAGE][PASSED] - Verify response status code successfully

2019-04-24 12:21:42 - [TEST_STEP][PASSED] - verifyResponseStatusCode(updateresponse, 200): Verify response status code successfully

2019-04-24 12:21:42 - [MESSAGE][PASSED] - Verify response status code successfully

2019-04-24 12:21:42 - [TEST_STEP][PASSED] - verifyResponseStatusCode(deleteresponse, 200): Verify response status code successfully

2019-04-24 12:21:42 - [MESSAGE][PASSED] - Verify response status code successfully

2019-04-24 12:21:42 - [TEST_STEP][PASSED] - verifyResponseStatusCode(response, 200): Verify response status code successfully

2019-04-24 12:21:42 - [MESSAGE][PASSED] - Verify response status code successfully]]></system-out>
         <system-err><![CDATA[]]></system-err>
      </testcase>
      <testcase name="Test Cases/VerifyAddingTwoNumbers" classname="Test Cases/VerifyAddingTwoNumbers" status="PASSED">
         <system-out><![CDATA[2019-04-24 12:21:42 - [TEST_CASE][PASSED] - Test Cases/VerifyAddingTwoNumbers: Test Cases/VerifyAddingTwoNumbers

2019-04-24 12:21:42 - [TEST_STEP][PASSED] - response = sendRequest(findTestObject("Calculator/Addition")): Send request successfully

2019-04-24 12:21:42 - [MESSAGE][INFO] - HAR: C:\Users\vishw\Katalon Studio\SOAPProject\Reports\TS_SmokeTest\20190424_122129\requests\main\null.har

2019-04-24 12:21:43 - [MESSAGE][PASSED] - Send request successfully

2019-04-24 12:21:43 - [TEST_STEP][PASSED] - verifyElementText(response, "AddResponse.AddResult", "11"): Verify element text successfully

2019-04-24 12:21:43 - [MESSAGE][PASSED] - Verify element text successfully]]></system-out>
         <system-err><![CDATA[]]></system-err>
      </testcase>
      <testcase name="Test Cases/VerifyingCapitalCityforaCountryISOCode" classname="Test Cases/VerifyingCapitalCityforaCountryISOCode" status="PASSED">
         <system-out><![CDATA[2019-04-24 12:21:43 - [TEST_CASE][PASSED] - Test Cases/VerifyingCapitalCityforaCountryISOCode: Test Cases/VerifyingCapitalCityforaCountryISOCode

2019-04-24 12:21:43 - [TEST_STEP][PASSED] - response = sendRequest(findTestObject("CountryInfoService/SOAP/CapitalCity")): Send request successfully

2019-04-24 12:21:44 - [MESSAGE][INFO] - HAR: C:\Users\vishw\Katalon Studio\SOAPProject\Reports\TS_SmokeTest\20190424_122129\requests\main\null.har

2019-04-24 12:21:44 - [MESSAGE][PASSED] - Send request successfully

2019-04-24 12:21:44 - [TEST_STEP][PASSED] - response = sendRequestAndVerify(findTestObject("CountryInfoService/SOAP/CapitalCity")): Send request and verify the response successfully

2019-04-24 12:21:45 - [TEST_CASE][PASSED] - Start Test Case : Verification: Verification accomplished successfully

2019-04-24 12:21:45 - [TEST_STEP][PASSED] - request = getInstance().getCurrentRequest(): null

2019-04-24 12:21:45 - [TEST_STEP][PASSED] - response = getInstance().getCurrentResponse(): null

2019-04-24 12:21:45 - [TEST_STEP][PASSED] - verifyResponseStatusCode(response, 200): Verify response status code successfully

2019-04-24 12:21:45 - [MESSAGE][PASSED] - Verify response status code successfully

2019-04-24 12:21:45 - [TEST_STEP][PASSED] - getStatusCode()).isEqualTo(200): null

2019-04-24 12:21:45 - [TEST_STEP][PASSED] - verifyElementText(response, "CapitalCityResponse.CapitalCityResult", "Islamabad"): Verify element text successfully

2019-04-24 12:21:45 - [MESSAGE][PASSED] - Verify element text successfully

2019-04-24 12:21:45 - [MESSAGE][PASSED] - Verify response successfully

2019-04-24 12:21:45 - [MESSAGE][PASSED] - Send request and verify the response successfully

2019-04-24 12:21:45 - [TEST_STEP][PASSED] - verifyElementText(response, "CapitalCityResponse.CapitalCityResult", "Islamabad"): Verify element text successfully

2019-04-24 12:21:45 - [MESSAGE][PASSED] - Verify element text successfully]]></system-out>
         <system-err><![CDATA[]]></system-err>
      </testcase>
      <system-out><![CDATA[2019-04-24 12:21:32 - [TEST_SUITE][PASSED] - TS_SmokeTest: Test Cases/VerifyingCapitalCityforaCountryISOCode]]></system-out>
      <system-err><![CDATA[]]></system-err>
   </testsuite>
</testsuites>
